nohup: ignoring input
Environment Config:
action_gamma_max: 1.3
action_gamma_min: 0.75
action_mode: hardware_01_real_order_real_calibrated
action_repeat: 1
action_scale:
- 0.02
- 0.02
- 0.02
- 0.02
- 0.7
- 0.003
- 0.012
action_shape_randomization: true
action_smoothing_max_delta: 0.0
ctrl_dt: 0.05
cube_start_pos:
- 0.1
- 0.0
- 0.05
cube_start_pos_jitter:
- 0.02
- 0.02
- 0.012
early_termination: true
episode_length: 500
force_obs_scale: 100.0
force_reward_scale: 100.0
hardware_position_obs: true
history_len: 1
include_actuator_force_obs: true
noise_config:
  level: 1.0
  scales:
    joint_pos: 0.05
    tendon_length: 0.005
real_command_calibration: true
real_command_to_sim_u_bias:
- -0.12
- -0.22
- -0.18
- 0.0
- 0.0
- 0.0
- 0.0
real_command_to_sim_u_scale:
- 0.21
- 0.21
- 0.315
- 1.35
- 1.35
- 1.25
- 1.2
reward_config:
  scales:
    action_accel: -2.0
    action_magnitude: -0.015
    action_rate: -1.5
    angvel: 1.0
    coordinated_finger_participation: 0.2
    energy: -0.0001
    index_ring_participation: 0.18
    linvel: 0.0
    middle_pinky_dominance: -0.04
    non_thumb_force: -0.04
    pose: 0.0
    stalled_force: -0.08
    static_clamp: -0.08
    termination: -100.0
    thumb_overcurl: -0.06
    torques: 0.0
sim_dt: 0.01
stalled_angvel_scale: 1.0
tendon_endpoint_randomization_frac: 0.22
thumb_abd_endpoint_randomization: 0.06
thumb_abd_flip: false
thumb_abd_u0_ctrl: 0.05
thumb_abd_u1_ctrl: 1.45

PPO Training Parameters:
action_repeat: 1
batch_size: 256
discounting: 0.97
entropy_cost: 0.01
episode_length: 500
learning_rate: 0.0003
network_factory:
  policy_hidden_layer_sizes: &id001 !!python/tuple
  - 512
  - 256
  - 128
  policy_obs_key: state
  value_hidden_layer_sizes: *id001
  value_obs_key: privileged_state
normalize_observations: true
num_envs: 8192
num_evals: 25
num_minibatches: 32
num_resets_per_eval: 1
num_timesteps: 150000000
num_updates_per_batch: 4
reward_scaling: 1.0
unroll_length: 40

Experiment name: AeroCubeRotateZAxisHardware01RealCalibrated-20260707-093704-aero_hardware01_real_calibrated_fresh_20260707_093702
Logs are being stored in: /home/hw/aero-hand-sim/logs/AeroCubeRotateZAxisHardware01RealCalibrated-20260707-093704-aero_hardware01_real_calibrated_fresh_20260707_093702
No checkpoint path provided, not restoring from checkpoint
Checkpoint path: /home/hw/aero-hand-sim/logs/AeroCubeRotateZAxisHardware01RealCalibrated-20260707-093704-aero_hardware01_real_calibrated_fresh_20260707_093702/checkpoints
0: reward=-7.636
6553600: reward=-8.017
13107200: reward=-6.019
19660800: reward=-0.542
26214400: reward=2.959
32768000: reward=8.173
39321600: reward=10.807
45875200: reward=14.760
52428800: reward=17.927
58982400: reward=23.004
65536000: reward=23.213
72089600: reward=23.825
78643200: reward=30.515
85196800: reward=30.531
91750400: reward=33.474
98304000: reward=32.169
104857600: reward=29.179
111411200: reward=33.597
117964800: reward=28.468
124518400: reward=28.802
131072000: reward=35.871
137625600: reward=37.066
144179200: reward=35.334
150732800: reward=32.721
157286400: reward=35.862
Done training.
Time to JIT compile: 33.985842237016186
Time to train: 1770.7332344680326
Starting inference...
FPS for rendering: 10.0
  0%|          | 0/250 [00:00<?, ?it/s] 26%|██▌       | 65/250 [00:00<00:00, 647.24it/s] 54%|█████▎    | 134/250 [00:00<00:00, 669.92it/s] 82%|████████▏ | 204/250 [00:00<00:00, 681.02it/s]100%|██████████| 250/250 [00:00<00:00, 677.60it/s]
Rollout video saved as '/home/hw/aero-hand-sim/logs/AeroCubeRotateZAxisHardware01RealCalibrated-20260707-093704-aero_hardware01_real_calibrated_fresh_20260707_093702/rollout0.mp4'.
  0%|          | 0/250 [00:00<?, ?it/s] 24%|██▍       | 61/250 [00:00<00:00, 599.51it/s] 50%|████▉     | 124/250 [00:00<00:00, 617.31it/s] 75%|███████▍  | 187/250 [00:00<00:00, 622.75it/s]100%|██████████| 250/250 [00:00<00:00, 620.15it/s]100%|██████████| 250/250 [00:00<00:00, 618.49it/s]
Rollout video saved as '/home/hw/aero-hand-sim/logs/AeroCubeRotateZAxisHardware01RealCalibrated-20260707-093704-aero_hardware01_real_calibrated_fresh_20260707_093702/rollout1.mp4'.
  0%|          | 0/250 [00:00<?, ?it/s] 26%|██▌       | 65/250 [00:00<00:00, 642.02it/s] 53%|█████▎    | 133/250 [00:00<00:00, 662.34it/s] 81%|████████  | 203/250 [00:00<00:00, 675.29it/s]100%|██████████| 250/250 [00:00<00:00, 672.74it/s]
Rollout video saved as '/home/hw/aero-hand-sim/logs/AeroCubeRotateZAxisHardware01RealCalibrated-20260707-093704-aero_hardware01_real_calibrated_fresh_20260707_093702/rollout2.mp4'.
