nohup: ignoring input
Environment Config:
action_gamma_max: 1.3
action_gamma_min: 0.75
action_mode: hardware_01_real_order_real_tuned_ball45
action_repeat: 2
action_scale:
- 0.02
- 0.02
- 0.02
- 0.02
- 0.7
- 0.003
- 0.012
action_shape_randomization: true
action_smoothing_max_delta: 0.035
ctrl_dt: 0.05
cube_start_pos:
- 0.105
- 0.0
- 0.045
cube_start_pos_jitter:
- 0.018
- 0.018
- 0.01
early_termination: true
episode_length: 500
force_obs_scale: 100.0
force_reward_scale: 100.0
hardware_position_obs: true
history_len: 1
include_actuator_force_obs: true
noise_config:
  level: 1.0
  scales:
    joint_pos: 0.05
    tendon_length: 0.005
real_command_calibration: true
real_command_to_sim_u_bias:
- -0.02
- -0.32
- -0.14
- 0.3
- 0.0
- 0.0
- 0.0
real_command_to_sim_u_scale:
- 0.9
- 0.5
- 0.6
- 0.5
- 1.0
- 1.0
- 1.0
reward_config:
  scales:
    action_accel: -6.0
    action_magnitude: -0.025
    action_rate: -3.5
    angvel: 1.0
    ball_planar_drift: 0.0
    coordinated_finger_participation: 0.08
    cube_planar_drift: -0.65
    energy: -0.0002
    index_ring_participation: 0.08
    linvel: -0.18
    middle_pinky_dominance: -0.04
    non_thumb_force: -0.07
    pose: 0.0
    ring_pocket_trap: -0.18
    stalled_force: -0.14
    static_clamp: -0.22
    termination: -100.0
    thumb_action_accel: -8.0
    thumb_action_rate: -5.0
    thumb_index_pinch: -0.3
    thumb_index_trap: -0.35
    thumb_overcurl: -0.28
    torques: 0.0
    tuned_command_window: -0.25
sim_dt: 0.01
stalled_angvel_scale: 1.0
tendon_endpoint_randomization_frac: 0.22
thumb_abd_endpoint_randomization: 0.06
thumb_abd_flip: false
thumb_abd_u0_ctrl: 0.05
thumb_abd_u1_ctrl: 1.45

PPO Training Parameters:
action_repeat: 2
batch_size: 256
discounting: 0.97
entropy_cost: 0.01
episode_length: 500
learning_rate: 0.0003
network_factory:
  policy_hidden_layer_sizes: &id001 !!python/tuple
  - 512
  - 256
  - 128
  policy_obs_key: state
  value_hidden_layer_sizes: *id001
  value_obs_key: privileged_state
normalize_observations: true
num_envs: 8192
num_evals: 25
num_minibatches: 32
num_resets_per_eval: 1
num_timesteps: 150000000
num_updates_per_batch: 4
reward_scaling: 1.0
unroll_length: 40

Experiment name: AeroBall45mmRotateZAxisHardware01RealTunedWindow-20260710-093244-aero_ball45_real_tuned_window_fresh_20260710_093242
Logs are being stored in: /home/hw/aero-hand-sim/logs/AeroBall45mmRotateZAxisHardware01RealTunedWindow-20260710-093244-aero_ball45_real_tuned_window_fresh_20260710_093242
No checkpoint path provided, not restoring from checkpoint
Checkpoint path: /home/hw/aero-hand-sim/logs/AeroBall45mmRotateZAxisHardware01RealTunedWindow-20260710-093244-aero_ball45_real_tuned_window_fresh_20260710_093242/checkpoints
0: reward=-6.811
6553600: reward=-2.209
13107200: reward=4.777
19660800: reward=12.701
26214400: reward=17.012
32768000: reward=23.563
39321600: reward=24.413
45875200: reward=26.154
52428800: reward=24.559
58982400: reward=29.179
65536000: reward=29.988
72089600: reward=34.802
78643200: reward=34.736
85196800: reward=35.800
91750400: reward=33.651
98304000: reward=33.787
104857600: reward=37.628
111411200: reward=35.731
117964800: reward=38.173
124518400: reward=36.842
131072000: reward=38.338
137625600: reward=39.676
144179200: reward=39.523
150732800: reward=36.958
157286400: reward=39.298
Done training.
Time to JIT compile: 37.7011959500378
Time to train: 1744.040126091917
Starting inference...
FPS for rendering: 10.0
  0%|          | 0/250 [00:00<?, ?it/s] 24%|██▍       | 60/250 [00:00<00:00, 599.81it/s] 53%|█████▎    | 132/250 [00:00<00:00, 667.75it/s] 82%|████████▏ | 204/250 [00:00<00:00, 689.98it/s]100%|██████████| 250/250 [00:00<00:00, 683.47it/s]
Rollout video saved as '/home/hw/aero-hand-sim/logs/AeroBall45mmRotateZAxisHardware01RealTunedWindow-20260710-093244-aero_ball45_real_tuned_window_fresh_20260710_093242/rollout0.mp4'.
  0%|          | 0/250 [00:00<?, ?it/s] 26%|██▌       | 64/250 [00:00<00:00, 638.10it/s] 51%|█████     | 128/250 [00:00<00:00, 636.46it/s] 77%|███████▋  | 192/250 [00:00<00:00, 636.45it/s]100%|██████████| 250/250 [00:00<00:00, 636.60it/s]
Rollout video saved as '/home/hw/aero-hand-sim/logs/AeroBall45mmRotateZAxisHardware01RealTunedWindow-20260710-093244-aero_ball45_real_tuned_window_fresh_20260710_093242/rollout1.mp4'.
  0%|          | 0/250 [00:00<?, ?it/s] 27%|██▋       | 67/250 [00:00<00:00, 667.07it/s] 55%|█████▌    | 138/250 [00:00<00:00, 687.98it/s] 84%|████████▎ | 209/250 [00:00<00:00, 696.48it/s]100%|██████████| 250/250 [00:00<00:00, 694.42it/s]
Rollout video saved as '/home/hw/aero-hand-sim/logs/AeroBall45mmRotateZAxisHardware01RealTunedWindow-20260710-093244-aero_ball45_real_tuned_window_fresh_20260710_093242/rollout2.mp4'.
